#
# There is insufficient memory for the Java Runtime Environment to continue.
# Native memory allocation (mmap) failed to map 132120576 bytes. Error detail: G1 virtual space
# Possible reasons:
#   The system is out of physical RAM or swap space
#   This process is running with CompressedOops enabled, and the Java Heap may be blocking the growth of the native heap
# Possible solutions:
#   Reduce memory load on the system
#   Increase physical memory or swap space
#   Check if swap backing store is full
#   Decrease Java heap size (-Xmx/-Xms)
#   Decrease number of Java threads
#   Decrease Java thread stack sizes (-Xss)
#   Set larger code cache with -XX:ReservedCodeCacheSize=
#   JVM is running with Unscaled Compressed Oops mode in which the Java heap is
#     placed in the first 4GB address space. The Java Heap base address is the
#     maximum limit for the native heap growth. Please use -XX:HeapBaseMinAddress
#     to set the Java Heap base and to place the Java Heap above 4GB virtual address.
# This output file may be truncated or incomplete.
#
#  Out of Memory Error (os_windows.cpp:3898), pid=16712, tid=17716
#
# JRE version:  (21.0.6) (build )
# Java VM: OpenJDK 64-Bit Server VM (21.0.6+-13391695-b895.109, mixed mode, sharing, tiered, compressed oops, compressed class ptrs, g1 gc, windows-amd64)
# No core dump will be written. Minidumps are not enabled by default on client versions of Windows
#

---------------  S U M M A R Y ------------

Command Line: org.jetbrains.kotlin.cli.jvm.K2JVMCompiler @D:\buzzsdeals\Hellodish\Vendor app\build\flutter_foreground_task\20251020_15501238817925830019.compiler.options

Host: Intel(R) Core(TM) i5-10210U CPU @ 1.60GHz, 8 cores, 7G,  Windows 11 , 64 bit Build 26100 (10.0.26100.5074)
Time: Mon Oct 20 12:15:22 2025 India Standard Time elapsed time: 0.083000 seconds (0d 0h 0m 0s)

---------------  T H R E A D  ---------------

Current thread (0x00000175247df8b0):  JavaThread "Unknown thread" [_thread_in_vm, id=17716, stack(0x00000040adc00000,0x00000040add00000) (1024K)]

Stack: [0x00000040adc00000,0x00000040add00000]
Native frames: (J=compiled Java code, j=interpreted, Vv=VM code, C=native code)
V  [jvm.dll+0x6d0639]
V  [jvm.dll+0x85eb03]
V  [jvm.dll+0x86105e]
V  [jvm.dll+0x861743]
V  [jvm.dll+0x27e6e6]
V  [jvm.dll+0x6ccfd5]
V  [jvm.dll+0x6c0a8a]
V  [jvm.dll+0x35537b]
V  [jvm.dll+0x35cfd6]
V  [jvm.dll+0x3aef86]
V  [jvm.dll+0x3af258]
V  [jvm.dll+0x327a2c]
V  [jvm.dll+0x32871b]
V  [jvm.dll+0x826549]
V  [jvm.dll+0x3bc158]
V  [jvm.dll+0x80f7f8]
V  [jvm.dll+0x45035e]
V  [jvm.dll+0x451ac1]
C  [jli.dll+0x52ab]
C  [ucrtbase.dll+0x37b0]
C  [KERNEL32.DLL+0x2e8d7]
C  [ntdll.dll+0x8d9c]


---------------  P R O C E S S  ---------------

Threads class SMR info:
_java_thread_list=0x00007ffa177d1848, length=0, elements={
}

Java Threads: ( => current thread )
Total: 0

Other Threads:
  0x0000017524833210 WorkerThread "GC Thread#0"                     [id=6420, stack(0x00000040add00000,0x00000040ade00000) (1024K)]
  0x0000017524843cb0 ConcurrentGCThread "G1 Main Marker"            [id=4560, stack(0x00000040ade00000,0x00000040adf00000) (1024K)]
  0x00000175248453d0 WorkerThread "G1 Conc#0"                       [id=4932, stack(0x00000040adf00000,0x00000040ae000000) (1024K)]

[error occurred during error reporting (printing all threads), id 0xc0000005, EXCEPTION_ACCESS_VIOLATION (0xc0000005) at pc=0x00007ffa16fcaa87]
VM state: not at safepoint (not fully initialized)

VM Mutex/Monitor currently owned by a thread:  ([mutex/lock_event])
[0x00007ffa1783e4a0] Heap_lock - owner thread: 0x00000175247df8b0

Heap address: 0x0000000082a00000, size: 2006 MB, Compressed Oops mode: 32-bit

CDS archive(s) mapped at: [0x0000000000000000-0x0000000000000000-0x0000000000000000), size 0, SharedBaseAddress: 0x0000000800000000, ArchiveRelocationMode: 1.
Narrow klass base: 0x0000000000000000, Narrow klass shift: 0, Narrow klass range: 0x0

GC Precious Log:
 CardTable entry size: 512
 Card Set container configuration: InlinePtr #cards 5 size 8 Array Of Cards #cards 12 size 40 Howl #buckets 4 coarsen threshold 1843 Howl Bitmap #cards 512 size 80 coarsen threshold 460 Card regions per heap region 1 cards per card region 2048

Heap:
 garbage-first heap   total 0K, used 0K [0x0000000082a00000, 0x0000000100000000)
  region size 1024K, 0 young (0K), 0 survivors (0K)
 Metaspace       used 0K, committed 0K, reserved 0K
  class space    used 0K, committed 0K, reserved 0K

Heap Regions: E=young(eden), S=young(survivor), O=old, HS=humongous(starts), HC=humongous(continues), CS=collection set, F=free, TAMS=top-at-mark-start, PB=parsable bottom

Card table byte_map: [0x0000017537060000,0x0000017537450000] _byte_map_base: 0x0000017536c4b000

Marking Bits: (CMBitMap*) 0x0000017524833910
 Bits: [0x0000017537450000, 0x00000175393a8000)

GC Heap History (0 events):
No events

Dll operation events (1 events):
Event: 0.041 Loaded shared library C:\Program Files\Android\Android Studio\jbr\bin\java.dll

Deoptimization events (0 events):
No events

Classes loaded (0 events):
No events

Classes unloaded (0 events):
No events

Classes redefined (0 events):
No events

Internal exceptions (0 events):
No events

ZGC Phase Switch (0 events):
No events

VM Operations (0 events):
No events

Memory protections (0 events):
No events

Nmethod flushes (0 events):
No events

Events (0 events):
No events


Dynamic libraries:
0x00007ff6a7ad0000 - 0x00007ff6a7ada000 	C:\Program Files\Android\Android Studio\jbr\bin\java.exe
0x00007ffaa8da0000 - 0x00007ffaa9009000 	C:\WINDOWS\SYSTEM32\ntdll.dll
0x00007ffaa7d00000 - 0x00007ffaa7dc9000 	C:\WINDOWS\System32\KERNEL32.DLL
0x00007ffaa6330000 - 0x00007ffaa6723000 	C:\WINDOWS\System32\KERNELBASE.dll
0x00007ffaa6730000 - 0x00007ffaa687b000 	C:\WINDOWS\System32\ucrtbase.dll
0x00007ffa8e580000 - 0x00007ffa8e598000 	C:\Program Files\Android\Android Studio\jbr\bin\jli.dll
0x00007ffaa8340000 - 0x00007ffaa8504000 	C:\WINDOWS\System32\USER32.dll
0x00007ffaa69d0000 - 0x00007ffaa69f7000 	C:\WINDOWS\System32\win32u.dll
0x00007ffaa6c90000 - 0x00007ffaa6cbb000 	C:\WINDOWS\System32\GDI32.dll
0x00007ffaa6200000 - 0x00007ffaa632d000 	C:\WINDOWS\System32\gdi32full.dll
0x00007ffaa6920000 - 0x00007ffaa69c3000 	C:\WINDOWS\System32\msvcp_win.dll
0x00007ffa909d0000 - 0x00007ffa909eb000 	C:\Program Files\Android\Android Studio\jbr\bin\VCRUNTIME140.dll
0x00007ffa8cc10000 - 0x00007ffa8cea3000 	C:\WINDOWS\WinSxS\amd64_microsoft.windows.common-controls_6595b64144ccf1df_6.0.26100.5074_none_3e0d6f78e32fd63f\COMCTL32.dll
0x00007ffaa7970000 - 0x00007ffaa7a19000 	C:\WINDOWS\System32\msvcrt.dll
0x00007ffaa7dd0000 - 0x00007ffaa7dff000 	C:\WINDOWS\System32\IMM32.DLL
0x00007ffa909c0000 - 0x00007ffa909cc000 	C:\Program Files\Android\Android Studio\jbr\bin\vcruntime140_1.dll
0x00007ffa6c6c0000 - 0x00007ffa6c74d000 	C:\Program Files\Android\Android Studio\jbr\bin\msvcp140.dll
0x00007ffa16c90000 - 0x00007ffa1791b000 	C:\Program Files\Android\Android Studio\jbr\bin\server\jvm.dll
0x00007ffaa7b90000 - 0x00007ffaa7c44000 	C:\WINDOWS\System32\ADVAPI32.dll
0x00007ffaa7c50000 - 0x00007ffaa7cf6000 	C:\WINDOWS\System32\sechost.dll
0x00007ffaa6b70000 - 0x00007ffaa6c88000 	C:\WINDOWS\System32\RPCRT4.dll
0x00007ffaa8160000 - 0x00007ffaa81d4000 	C:\WINDOWS\System32\WS2_32.dll
0x00007ffaa5d90000 - 0x00007ffaa5dee000 	C:\WINDOWS\SYSTEM32\POWRPROF.dll
0x00007ffa8fa40000 - 0x00007ffa8fa75000 	C:\WINDOWS\SYSTEM32\WINMM.dll
0x00007ffa95580000 - 0x00007ffa9558b000 	C:\WINDOWS\SYSTEM32\VERSION.dll
0x00007ffaa5d70000 - 0x00007ffaa5d84000 	C:\WINDOWS\SYSTEM32\UMPDC.dll
0x00007ffaa4cd0000 - 0x00007ffaa4ceb000 	C:\WINDOWS\SYSTEM32\kernel.appcore.dll
0x00007ffa909b0000 - 0x00007ffa909ba000 	C:\Program Files\Android\Android Studio\jbr\bin\jimage.dll
0x00007ffa9c040000 - 0x00007ffa9c282000 	C:\WINDOWS\SYSTEM32\DBGHELP.DLL
0x00007ffaa7460000 - 0x00007ffaa77db000 	C:\WINDOWS\System32\combase.dll
0x00007ffaa7a20000 - 0x00007ffaa7af7000 	C:\WINDOWS\System32\OLEAUT32.dll
0x00007ffa7e500000 - 0x00007ffa7e53d000 	C:\WINDOWS\SYSTEM32\dbgcore.DLL
0x00007ffaa6880000 - 0x00007ffaa6919000 	C:\WINDOWS\System32\bcryptPrimitives.dll
0x00007ffa8a820000 - 0x00007ffa8a840000 	C:\Program Files\Android\Android Studio\jbr\bin\java.dll

dbghelp: loaded successfully - version: 4.0.5 - missing functions: none
symbol engine: initialized successfully - sym options: 0x614 - pdb path: .;C:\Program Files\Android\Android Studio\jbr\bin;C:\WINDOWS\SYSTEM32;C:\WINDOWS\WinSxS\amd64_microsoft.windows.common-controls_6595b64144ccf1df_6.0.26100.5074_none_3e0d6f78e32fd63f;C:\Program Files\Android\Android Studio\jbr\bin\server

VM Arguments:
java_command: org.jetbrains.kotlin.cli.jvm.K2JVMCompiler @D:\buzzsdeals\Hellodish\Vendor app\build\flutter_foreground_task\20251020_15501238817925830019.compiler.options
java_class_path (initial): C:\Users\Anand\.gradle\wrapper\dists\caches\modules-2\files-2.1\org.jetbrains.kotlin\kotlin-compiler-embeddable\2.0.10\40d7b56154061d2ec6a95159417af03940e8679e\kotlin-compiler-embeddable-2.0.10.jar;C:\Users\Anand\.gradle\wrapper\dists\caches\modules-2\files-2.1\org.jetbrains.kotlin\kotlin-stdlib\2.0.10\9120f9dd349d5c67fa6710c4049c3128ef6b51db\kotlin-stdlib-2.0.10.jar;C:\Users\Anand\.gradle\wrapper\dists\caches\modules-2\files-2.1\org.jetbrains.kotlin\kotlin-script-runtime\2.0.10\5dc0dfee8e71c0afd7f6085789aeb991bfe60eda\kotlin-script-runtime-2.0.10.jar;C:\Users\Anand\.gradle\wrapper\dists\caches\modules-2\files-2.1\org.jetbrains.kotlin\kotlin-reflect\1.6.10\1cbe9c92c12a94eea200d23c2bbaedaf3daf5132\kotlin-reflect-1.6.10.jar;C:\Users\Anand\.gradle\wrapper\dists\caches\modules-2\files-2.1\org.jetbrains.kotlin\kotlin-daemon-embeddable\2.0.10\49b9b08540022f7a407967bf0d6ddd4e9ac54d4\kotlin-daemon-embeddable-2.0.10.jar;C:\Users\Anand\.gradle\wrapper\dists\caches\modules-2\files-2.1\org.jetbrains.intellij.deps\trove4j\1.0.20200330\3afb14d5f9ceb459d724e907a21145e8ff394f02\trove4j-1.0.20200330.jar;C:\Users\Anand\.gradle\wrapper\dists\caches\modules-2\files-2.1\org.jetbrains\annotations\13.0\919f0dfe192fb4e063e7dacadee7f8bb9a2672a9\annotations-13.0.jar
Launcher Type: SUN_STANDARD

[Global flags]
     intx CICompilerCount                          = 4                                         {product} {ergonomic}
     uint ConcGCThreads                            = 2                                         {product} {ergonomic}
     uint G1ConcRefinementThreads                  = 8                                         {product} {ergonomic}
   size_t G1HeapRegionSize                         = 1048576                                   {product} {ergonomic}
    uintx GCDrainStackTargetSize                   = 64                                        {product} {ergonomic}
   size_t InitialHeapSize                          = 132120576                                 {product} {ergonomic}
   size_t MarkStackSize                            = 4194304                                   {product} {ergonomic}
   size_t MaxHeapSize                              = 2103443456                                {product} {ergonomic}
   size_t MinHeapDeltaBytes                        = 1048576                                   {product} {ergonomic}
   size_t MinHeapSize                              = 8388608                                   {product} {ergonomic}
    uintx NonNMethodCodeHeapSize                   = 5839372                                {pd product} {ergonomic}
    uintx NonProfiledCodeHeapSize                  = 122909434                              {pd product} {ergonomic}
    uintx ProfiledCodeHeapSize                     = 122909434                              {pd product} {ergonomic}
    uintx ReservedCodeCacheSize                    = 251658240                              {pd product} {ergonomic}
     bool SegmentedCodeCache                       = true                                      {product} {ergonomic}
   size_t SoftMaxHeapSize                          = 2103443456                             {manageable} {ergonomic}
     bool UseCompressedOops                        = true                           {product lp64_product} {ergonomic}
     bool UseG1GC                                  = true                                      {product} {ergonomic}
     bool UseLargePagesIndividualAllocation        = false                                  {pd product} {ergonomic}

Logging:
Log output configuration:
 #0: stdout all=warning uptime,level,tags foldmultilines=false
 #1: stderr all=off uptime,level,tags foldmultilines=false

Environment Variables:
JAVA_HOME=C:\Program Files\Android\Android Studio\jbr
CLASSPATH=D:\buzzsdeals\Hellodish\Vendor app\android\\gradle\wrapper\gradle-wrapper.jar
PATH=C:\Program Files\Android\Android Studio\jbr\bin;c:\Users\Anand\AppData\Local\Programs\cursor\resources\app\bin;C:\Program Files\Common Files\Oracle\Java\javapath;C:\Windows\system32;C:\Windows;C:\Windows\System32\Wbem;C:\Windows\System32\WindowsPowerShell\v1.0\;C:\Windows\System32\OpenSSH\;C:\xampp\php;C:\ProgramData\ComposerSetup\bin;C:\Program Files (x86)\ComposerSetup;C:\Program Files\Java\jdk-21\bin;C:\Program Files\PuTTY\;C:\Program Files\src\flutter\bin;C:\Users\Anand\AppData\Local\Pub\Cache\bin;C:\Program Files\Wondershare\Wondershare DemoCreator;C:\Python27\libs;C:\Program Files\Git\cmd;C:\Program Files\nodejs\;C:\Program Files\Java\jdk-11\bin;C:\Users\Anand\AppData\Local\Programs\Python\Python312\Scripts\;C:\Users\Anand\AppData\Local\Programs\Python\Python312\;C:\Users\Anand\AppData\Local\Microsoft\WindowsApps;C:\Program Files\Git\bin;C:\Users\Anand\AppData\Roaming\Composer\vendor\bin;C:\Program Files\src\3.32.0 stable\bin;C:\Program Files\flutter 3.30\bin;C:\WINDOWS\system32;C:\WINDOWS;C:\WINDOWS\System32\Wbem;C:\WINDOWS\System32\WindowsPowerShell\v1.0\;C:\WINDOWS\System32\OpenSSH\;C:\src\flutter 3.32.0\bin;C:\Program Files\src\flutter 3.24.0\bin;C:\Program Files\Java\jdk-11;C:\Program Files\Java\jdk-17\bin;C:\Program Files\Java\jdk-17;C:\Program Files\dotnet\;C:\Program Files\src\flutter 3.27.4\bin;C:\Program Files\Java\jdk-17\bin;c:\Users\Anand\AppData\Local\Programs\cursor\resources\app\bin;C:\Program Files\Common Files\Oracle\Java\javapath;C:\Windows\system32;C:\Windows;C:\Windows\System32\Wbem;C:\Windows\System32\WindowsPowerShell\v1.0\;C:\Windows\System32\OpenSSH\;C:\xampp\php;C:\ProgramData\ComposerSetup\bin;C:\Program Files (x86)\ComposerSetup;C:\Program Files\Java\jdk-21\bin;C:\Program Files\PuTTY\;C:\Program Files\src\flutter\bin;C:\Users\Anand\AppData\Local\Pub\Cache\bin;C:\Program Files\Wondershare\Wondershare DemoCreator;C:\Python27\libs;C:\Program Files\Git\cmd;C:\Program Files\nodejs\;C:\Program Files\Java\jdk-11\bin;C:\Users\Anand\AppData\Local\Programs\Python\Python312\Scripts\;C:\Users\Anand\AppData\Local\Programs\Python\Python312\;C:\Users\Anand\AppData\Local\Microsoft\WindowsApps;C:\Program Files\Git\bin;C:\Users\Anand\AppData\Roaming\Composer\vendor\bin;C:\Program Files\src\3.32.0 stable\bin;C:\Program Files\flutter 3.30\bin;C:\WINDOWS\system32;C:\WINDOWS;C:\WINDOWS\System32\Wbem;C:\WINDOWS\System32\WindowsPowerShell\v1.0\;C:\WINDOWS\System32\OpenSSH\;C:\src\flutter 3.32.0\bin;C:\Program Files\src\flutter 3.24.0\bin;C:\Program Files\Java\jdk-11;C:\Program Files\Java\jdk-17\bin;C:\Program Files\Java\jdk-17;C:\Program Files\dotnet\;C:\Program Files\src\flutter 3.27.4\bin;;C:\Users\Anand\AppData\Local\Programs\Microsoft VS Code\bin;C:\Users\Anand\AppData\Local\Programs\cursor\resources\app\bin;C:\Program Files\src\flutter 3.32.0\bin\mingit\cmd
USERNAME=Anand
OS=Windows_NT
PROCESSOR_IDENTIFIER=Intel64 Family 6 Model 142 Stepping 12, GenuineIntel
TMP=C:\Users\Anand\AppData\Local\Temp
TEMP=C:\Users\Anand\AppData\Local\Temp




Periodic native trim disabled

JNI global refs:
JNI global refs: 0, weak refs: 0

JNI global refs memory usage: 0, weak refs: 0

Process memory usage:
Resident Set Size: 12700K (0% of 8215284K total physical memory with 723584K free physical memory)

OOME stack traces (most recent first):
Classloader memory used:

---------------  S Y S T E M  ---------------

OS:
 Windows 11 , 64 bit Build 26100 (10.0.26100.5074)
OS uptime: 0 days 13:26 hours
Hyper-V role detected

CPU: total 8 (initial active 8) (4 cores per cpu, 2 threads per core) family 6 model 142 stepping 12 microcode 0xde, cx8, cmov, fxsr, ht, mmx, 3dnowpref, sse, sse2, sse3, ssse3, sse4.1, sse4.2, popcnt, lzcnt, tsc, tscinvbit, avx, avx2, aes, erms, clmul, bmi1, bmi2, adx, fma, vzeroupper, clflush, clflushopt, hv, rdtscp, f16c
Processor Information for processor 0
  Max Mhz: 2112, Current Mhz: 1609, Mhz Limit: 1605
Processor Information for processor 1
  Max Mhz: 2112, Current Mhz: 1609, Mhz Limit: 1605
Processor Information for processor 2
  Max Mhz: 2112, Current Mhz: 1609, Mhz Limit: 1605
Processor Information for processor 3
  Max Mhz: 2112, Current Mhz: 1508, Mhz Limit: 1605
Processor Information for processor 4
  Max Mhz: 2112, Current Mhz: 1609, Mhz Limit: 1605
Processor Information for processor 5
  Max Mhz: 2112, Current Mhz: 1609, Mhz Limit: 1605
Processor Information for processor 6
  Max Mhz: 2112, Current Mhz: 1609, Mhz Limit: 1605
Processor Information for processor 7
  Max Mhz: 2112, Current Mhz: 1609, Mhz Limit: 1605

Memory: 4k page, system-wide physical 8022M (706M free)
TotalPageFile size 14667M (AvailPageFile size 46M)
current process WorkingSet (physical memory assigned to process): 12M, peak: 12M
current process commit charge ("private bytes"): 60M, peak: 186M

vm_info: OpenJDK 64-Bit Server VM (21.0.6+-13391695-b895.109) for windows-amd64 JRE (21.0.6+-13391695-b895.109), built on 2025-04-22T21:19:17Z by "builder" with MS VC++ 16.10 / 16.11 (VS2019)

END.
